src/components/Sidebar.tsx(6,15): error TS2305: Module '"../types"' has no exported member 'Conversation'.
src/hooks/useVoice.ts(27,9): error TS2717: Subsequent property declarations must have the same type.  Property 'SpeechRecognition' must be of type 'SpeechRecognitionConstructor', but here has type 'any'.
src/hooks/useVoice.ts(28,9): error TS2717: Subsequent property declarations must have the same type.  Property 'webkitSpeechRecognition' must be of type 'SpeechRecognitionConstructor', but here has type 'any'.
