src/features/community/CommunityFeed.tsx(6,24): error TS2307: Cannot find module '@/components/ui/button' or its corresponding type declarations.
src/features/community/CreatePostModal.tsx(3,24): error TS2307: Cannot find module '@/components/ui/button' or its corresponding type declarations.
src/features/community/CreatePostModal.tsx(4,23): error TS2307: Cannot find module '@/components/ui/input' or its corresponding type declarations.
src/features/community/CreatePostModal.tsx(5,26): error TS2307: Cannot find module '@/components/ui/textarea' or its corresponding type declarations.
src/features/community/CreatePostModal.tsx(6,66): error TS2307: Cannot find module '@/components/ui/dialog' or its corresponding type declarations.
src/features/community/CreatePostModal.tsx(80,40): error TS7006: Parameter 'e' implicitly has an 'any' type.
src/features/community/CreatePostModal.tsx(96,40): error TS7006: Parameter 'e' implicitly has an 'any' type.
src/features/community/CreatePostModal.tsx(126,40): error TS7006: Parameter 'e' implicitly has an 'any' type.
src/features/community/CreatePostPage.tsx(4,24): error TS2307: Cannot find module '@/components/ui/button' or its corresponding type declarations.
src/features/community/CreatePostPage.tsx(5,23): error TS2307: Cannot find module '@/components/ui/input' or its corresponding type declarations.
src/features/community/CreatePostPage.tsx(6,26): error TS2307: Cannot find module '@/components/ui/textarea' or its corresponding type declarations.
src/features/community/CreatePostPage.tsx(107,40): error TS7006: Parameter 'e' implicitly has an 'any' type.
src/features/community/CreatePostPage.tsx(188,48): error TS7006: Parameter 'e' implicitly has an 'any' type.
src/features/community/CreatePostPage.tsx(223,40): error TS7006: Parameter 'e' implicitly has an 'any' type.
src/features/community/DirectChat.tsx(4,53): error TS2307: Cannot find module '@/components/ui/avatar' or its corresponding type declarations.
src/features/community/DirectChat.tsx(5,24): error TS2307: Cannot find module '@/components/ui/button' or its corresponding type declarations.
src/features/community/DirectChat.tsx(6,23): error TS2307: Cannot find module '@/components/ui/input' or its corresponding type declarations.
src/features/community/DirectChat.tsx(118,36): error TS7006: Parameter 'e' implicitly has an 'any' type.
src/features/community/EditPostPage.tsx(4,24): error TS2307: Cannot find module '@/components/ui/button' or its corresponding type declarations.
src/features/community/EditPostPage.tsx(5,23): error TS2307: Cannot find module '@/components/ui/input' or its corresponding type declarations.
src/features/community/EditPostPage.tsx(6,26): error TS2307: Cannot find module '@/components/ui/textarea' or its corresponding type declarations.
src/features/community/EditPostPage.tsx(96,40): error TS7006: Parameter 'e' implicitly has an 'any' type.
src/features/community/EditPostPage.tsx(116,44): error TS7006: Parameter 'e' implicitly has an 'any' type.
src/features/community/EditPostPage.tsx(176,40): error TS7006: Parameter 'e' implicitly has an 'any' type.
src/features/community/FriendRecommendations.tsx(2,53): error TS2307: Cannot find module '@/components/ui/avatar' or its corresponding type declarations.
src/features/community/FriendRecommendations.tsx(3,24): error TS2307: Cannot find module '@/components/ui/button' or its corresponding type declarations.
src/features/community/PostCard.tsx(2,53): error TS2307: Cannot find module '@/components/ui/avatar' or its corresponding type declarations.
src/features/community/UserProfilePage.tsx(5,53): error TS2307: Cannot find module '@/components/ui/avatar' or its corresponding type declarations.
src/features/community/UserProfilePage.tsx(6,24): error TS2307: Cannot find module '@/components/ui/button' or its corresponding type declarations.
